{"/Users/mirandaweston/Makers-projects/bank-tech-test/src/bank_account.js": {"path":"/Users/mirandaweston/Makers-projects/bank-tech-test/src/bank_account.js","statementMap":{"0":{"start":{"line":1,"column":20},"end":{"line":1,"column":44}},"1":{"start":{"line":5,"column":4},"end":{"line":5,"column":21}},"2":{"start":{"line":6,"column":4},"end":{"line":6,"column":27}},"3":{"start":{"line":10,"column":4},"end":{"line":10,"column":27}},"4":{"start":{"line":11,"column":4},"end":{"line":11,"column":53}},"5":{"start":{"line":12,"column":4},"end":{"line":12,"column":40}},"6":{"start":{"line":16,"column":4},"end":{"line":16,"column":27}},"7":{"start":{"line":17,"column":4},"end":{"line":17,"column":52}},"8":{"start":{"line":18,"column":4},"end":{"line":18,"column":40}},"9":{"start":{"line":22,"column":0},"end":{"line":22,"column":29}}},"fnMap":{"0":{"name":"(anonymous_0)","decl":{"start":{"line":4,"column":2},"end":{"line":4,"column":3}},"loc":{"start":{"line":4,"column":16},"end":{"line":7,"column":3}},"line":4},"1":{"name":"(anonymous_1)","decl":{"start":{"line":9,"column":2},"end":{"line":9,"column":3}},"loc":{"start":{"line":9,"column":51},"end":{"line":13,"column":3}},"line":9},"2":{"name":"(anonymous_2)","decl":{"start":{"line":15,"column":2},"end":{"line":15,"column":3}},"loc":{"start":{"line":15,"column":52},"end":{"line":19,"column":3}},"line":15}},"branchMap":{"0":{"loc":{"start":{"line":9,"column":18},"end":{"line":9,"column":49}},"type":"default-arg","locations":[{"start":{"line":9,"column":32},"end":{"line":9,"column":49}}],"line":9},"1":{"loc":{"start":{"line":15,"column":19},"end":{"line":15,"column":50}},"type":"default-arg","locations":[{"start":{"line":15,"column":33},"end":{"line":15,"column":50}}],"line":15}},"s":{"0":2,"1":12,"2":12,"3":9,"4":9,"5":9,"6":4,"7":4,"8":4,"9":2},"f":{"0":12,"1":9,"2":4},"b":{"0":[7],"1":[2]},"_coverageSchema":"1a1c01bbd47fc00a2c39e90264f33305004495a9","hash":"35043df6241161db6e8a3fe5fe4e2c288b8b031c"}
,"/Users/mirandaweston/Makers-projects/bank-tech-test/src/bank_statement.js": {"path":"/Users/mirandaweston/Makers-projects/bank-tech-test/src/bank_statement.js","statementMap":{"0":{"start":{"line":3,"column":4},"end":{"line":3,"column":54}},"1":{"start":{"line":4,"column":4},"end":{"line":9,"column":7}},"2":{"start":{"line":5,"column":21},"end":{"line":5,"column":76}},"3":{"start":{"line":6,"column":20},"end":{"line":6,"column":74}},"4":{"start":{"line":8,"column":6},"end":{"line":8,"column":129}},"5":{"start":{"line":13,"column":0},"end":{"line":13,"column":31}}},"fnMap":{"0":{"name":"(anonymous_0)","decl":{"start":{"line":2,"column":2},"end":{"line":2,"column":3}},"loc":{"start":{"line":2,"column":17},"end":{"line":10,"column":3}},"line":2},"1":{"name":"(anonymous_1)","decl":{"start":{"line":4,"column":51},"end":{"line":4,"column":52}},"loc":{"start":{"line":4,"column":66},"end":{"line":9,"column":5}},"line":4}},"branchMap":{"0":{"loc":{"start":{"line":5,"column":21},"end":{"line":5,"column":76}},"type":"cond-expr","locations":[{"start":{"line":5,"column":53},"end":{"line":5,"column":71}},{"start":{"line":5,"column":74},"end":{"line":5,"column":76}}],"line":5},"1":{"loc":{"start":{"line":6,"column":20},"end":{"line":6,"column":74}},"type":"cond-expr","locations":[{"start":{"line":6,"column":51},"end":{"line":6,"column":69}},{"start":{"line":6,"column":72},"end":{"line":6,"column":74}}],"line":6},"2":{"loc":{"start":{"line":8,"column":44},"end":{"line":8,"column":70}},"type":"cond-expr","locations":[{"start":{"line":8,"column":53},"end":{"line":8,"column":65}},{"start":{"line":8,"column":68},"end":{"line":8,"column":70}}],"line":8},"3":{"loc":{"start":{"line":8,"column":76},"end":{"line":8,"column":100}},"type":"cond-expr","locations":[{"start":{"line":8,"column":84},"end":{"line":8,"column":95}},{"start":{"line":8,"column":98},"end":{"line":8,"column":100}}],"line":8}},"s":{"0":4,"1":4,"2":6,"3":6,"4":6,"5":1},"f":{"0":4,"1":6},"b":{"0":[5,1],"1":[1,5],"2":[5,1],"3":[1,5]},"_coverageSchema":"1a1c01bbd47fc00a2c39e90264f33305004495a9","hash":"71bb75044763027aecd4dbfc90cc24cf84ec88e5"}
,"/Users/mirandaweston/Makers-projects/bank-tech-test/src/transaction.js": {"path":"/Users/mirandaweston/Makers-projects/bank-tech-test/src/transaction.js","statementMap":{"0":{"start":{"line":3,"column":4},"end":{"line":3,"column":19}},"1":{"start":{"line":4,"column":4},"end":{"line":4,"column":19}},"2":{"start":{"line":5,"column":4},"end":{"line":5,"column":21}},"3":{"start":{"line":6,"column":4},"end":{"line":6,"column":22}},"4":{"start":{"line":10,"column":16},"end":{"line":10,"column":26}},"5":{"start":{"line":11,"column":16},"end":{"line":11,"column":54}},"6":{"start":{"line":12,"column":18},"end":{"line":12,"column":61}},"7":{"start":{"line":13,"column":17},"end":{"line":13,"column":34}},"8":{"start":{"line":14,"column":4},"end":{"line":14,"column":37}},"9":{"start":{"line":18,"column":4},"end":{"line":18,"column":21}},"10":{"start":{"line":19,"column":4},"end":{"line":19,"column":36}},"11":{"start":{"line":20,"column":4},"end":{"line":20,"column":38}},"12":{"start":{"line":21,"column":4},"end":{"line":21,"column":33}},"13":{"start":{"line":25,"column":0},"end":{"line":25,"column":29}}},"fnMap":{"0":{"name":"(anonymous_0)","decl":{"start":{"line":2,"column":2},"end":{"line":2,"column":3}},"loc":{"start":{"line":2,"column":16},"end":{"line":7,"column":3}},"line":2},"1":{"name":"(anonymous_1)","decl":{"start":{"line":9,"column":2},"end":{"line":9,"column":3}},"loc":{"start":{"line":9,"column":14},"end":{"line":15,"column":3}},"line":9},"2":{"name":"(anonymous_2)","decl":{"start":{"line":17,"column":2},"end":{"line":17,"column":3}},"loc":{"start":{"line":17,"column":30},"end":{"line":22,"column":3}},"line":17}},"branchMap":{},"s":{"0":20,"1":20,"2":20,"3":20,"4":18,"5":18,"6":18,"7":18,"8":18,"9":15,"10":15,"11":15,"12":15,"13":3},"f":{"0":20,"1":18,"2":15},"b":{},"_coverageSchema":"1a1c01bbd47fc00a2c39e90264f33305004495a9","hash":"679eb81a6c2db5498dd5b829f709f626f7bd535b"}
}
