TN:
SF:src/bank_account.js
FN:4,(anonymous_0)
FN:9,(anonymous_1)
FN:15,(anonymous_2)
FNF:3
FNH:3
FNDA:12,(anonymous_0)
FNDA:9,(anonymous_1)
FNDA:4,(anonymous_2)
DA:1,2
DA:5,12
DA:6,12
DA:10,9
DA:11,9
DA:12,9
DA:16,4
DA:17,4
DA:18,4
DA:22,2
LF:10
LH:10
BRDA:9,0,0,7
BRDA:15,1,0,2
BRF:2
BRH:2
end_of_record
TN:
SF:src/bank_statement.js
FN:2,(anonymous_0)
FN:4,(anonymous_1)
FNF:2
FNH:2
FNDA:4,(anonymous_0)
FNDA:6,(anonymous_1)
DA:3,4
DA:4,4
DA:5,6
DA:6,6
DA:8,6
DA:13,1
LF:6
LH:6
BRDA:5,0,0,5
BRDA:5,0,1,1
BRDA:6,1,0,1
BRDA:6,1,1,5
BRDA:8,2,0,5
BRDA:8,2,1,1
BRDA:8,3,0,1
BRDA:8,3,1,5
BRF:8
BRH:8
end_of_record
TN:
SF:src/transaction.js
FN:2,(anonymous_0)
FN:9,(anonymous_1)
FN:17,(anonymous_2)
FNF:3
FNH:3
FNDA:20,(anonymous_0)
FNDA:18,(anonymous_1)
FNDA:15,(anonymous_2)
DA:3,20
DA:4,20
DA:5,20
DA:6,20
DA:10,18
DA:11,18
DA:12,18
DA:13,18
DA:14,18
DA:18,15
DA:19,15
DA:20,15
DA:21,15
DA:25,3
LF:14
LH:14
BRF:0
BRH:0
end_of_record
